d:\users\l533\desktop\cgp\spacerace\spacerace\debug\vc140.pdb
d:\users\l533\desktop\cgp\spacerace\spacerace\debug\vc140.idb
d:\users\l533\desktop\cgp\spacerace\spacerace\debug\loadtga.obj
d:\users\l533\desktop\cgp\spacerace\spacerace\debug\application.obj
d:\users\l533\desktop\cgp\spacerace\spacerace\debug\main.obj
d:\users\l533\desktop\cgp\spacerace\spacerace\debug\loadobj.obj
d:\users\l533\desktop\cgp\spacerace\spacerace\debug\spacerace.vcxprojresolveassemblyreference.cache
d:\users\l533\desktop\cgp\spacerace\debug\spacerace.pdb
d:\users\l533\desktop\cgp\spacerace\spacerace\debug\spacerace.tlog\cl.command.1.tlog
d:\users\l533\desktop\cgp\spacerace\spacerace\debug\spacerace.tlog\cl.read.1.tlog
d:\users\l533\desktop\cgp\spacerace\spacerace\debug\spacerace.tlog\cl.write.1.tlog
d:\users\l533\desktop\cgp\spacerace\spacerace\debug\spacerace.tlog\clang.1624.read.1.tlog
d:\users\l533\desktop\cgp\spacerace\spacerace\debug\spacerace.tlog\clang.command.1.tlog
d:\users\l533\desktop\cgp\spacerace\spacerace\debug\spacerace.tlog\clang.read.1.tlog
d:\users\l533\desktop\cgp\spacerace\spacerace\debug\spacerace.tlog\link-cvtres.read.1.tlog
d:\users\l533\desktop\cgp\spacerace\spacerace\debug\spacerace.tlog\link-cvtres.write.1.tlog
d:\users\l533\desktop\cgp\spacerace\spacerace\debug\spacerace.tlog\link-rc.read.1.tlog
d:\users\l533\desktop\cgp\spacerace\spacerace\debug\spacerace.tlog\link-rc.write.1.tlog
d:\users\l533\desktop\cgp\spacerace\spacerace\debug\spacerace.tlog\link.command.1.tlog
d:\users\l533\desktop\cgp\spacerace\spacerace\debug\spacerace.tlog\link.read.1.tlog
d:\users\l533\desktop\cgp\spacerace\spacerace\debug\spacerace.tlog\link.write.1.tlog
d:\users\l533\desktop\cgp\spacerace\spacerace\debug\spacerace.tlog\microsoft.build.cpptasks.clangcompile.read.1.tlog
d:\users\l533\desktop\cgp\spacerace\spacerace\debug\spacerace.tlog\microsoft.build.cpptasks.clangcompile.write.1.tlog
